0 info it worked if it ends with ok
1 verbose cli [ '/usr/local/Cellar/node/0.10.17/bin/node',
1 verbose cli   '/usr/local/bin/npm',
1 verbose cli   'install' ]
2 info using npm@1.3.8
3 info using node@v0.10.17
4 verbose readDependencies using package.json deps
5 verbose install where, deps [ '/Users/hasimpson/projects/earthquake-eventpages',
5 verbose install   [ 'chai',
5 verbose install     'connect-livereload',
5 verbose install     'gateway',
5 verbose install     'grunt',
5 verbose install     'grunt-concurrent',
5 verbose install     'grunt-contrib-clean',
5 verbose install     'grunt-contrib-compass',
5 verbose install     'grunt-contrib-connect',
5 verbose install     'grunt-contrib-copy',
5 verbose install     'grunt-contrib-cssmin',
5 verbose install     'grunt-contrib-htmlmin',
5 verbose install     'grunt-contrib-jshint',
5 verbose install     'grunt-contrib-requirejs',
5 verbose install     'grunt-contrib-uglify',
5 verbose install     'grunt-contrib-watch',
5 verbose install     'grunt-mocha-phantomjs',
5 verbose install     'grunt-open',
5 verbose install     'grunt-text-replace',
5 verbose install     'matchdep',
5 verbose install     'mocha',
5 verbose install     'sinon',
5 verbose install     'hazdev-template',
5 verbose install     'grunt-connect-rewrite' ] ]
6 info preinstall earthquake-eventpages@0.0.0
7 warn package.json php@0.0.1 'repositories' (plural) Not supported.
7 warn package.json Please pick one as the 'repository' field
8 verbose readDependencies using package.json deps
9 verbose already installed skipping gateway@~0.1.1 /Users/hasimpson/projects/earthquake-eventpages
10 verbose already installed skipping grunt@~0.4.1 /Users/hasimpson/projects/earthquake-eventpages
11 verbose already installed skipping grunt-concurrent@~0.3.0 /Users/hasimpson/projects/earthquake-eventpages
12 verbose already installed skipping grunt-contrib-clean@~0.4.1 /Users/hasimpson/projects/earthquake-eventpages
13 verbose already installed skipping grunt-contrib-compass@~0.2.0 /Users/hasimpson/projects/earthquake-eventpages
14 verbose already installed skipping grunt-contrib-connect@~0.3.0 /Users/hasimpson/projects/earthquake-eventpages
15 verbose already installed skipping grunt-contrib-copy@~0.4.1 /Users/hasimpson/projects/earthquake-eventpages
16 verbose already installed skipping grunt-contrib-cssmin@~0.6.1 /Users/hasimpson/projects/earthquake-eventpages
17 verbose already installed skipping grunt-contrib-htmlmin@~0.1.3 /Users/hasimpson/projects/earthquake-eventpages
18 verbose already installed skipping grunt-contrib-jshint@~0.6.0 /Users/hasimpson/projects/earthquake-eventpages
19 verbose already installed skipping grunt-contrib-requirejs@~0.4.1 /Users/hasimpson/projects/earthquake-eventpages
20 verbose already installed skipping grunt-contrib-uglify@~0.2.2 /Users/hasimpson/projects/earthquake-eventpages
21 verbose already installed skipping grunt-contrib-watch@~0.4.4 /Users/hasimpson/projects/earthquake-eventpages
22 verbose already installed skipping grunt-mocha-phantomjs@~0.2.8 /Users/hasimpson/projects/earthquake-eventpages
23 verbose already installed skipping grunt-open@~0.2.0 /Users/hasimpson/projects/earthquake-eventpages
24 verbose already installed skipping grunt-text-replace@~0.3.6 /Users/hasimpson/projects/earthquake-eventpages
25 verbose already installed skipping matchdep@~0.1.2 /Users/hasimpson/projects/earthquake-eventpages
26 verbose already installed skipping mocha@~1.9.0 /Users/hasimpson/projects/earthquake-eventpages
27 verbose already installed skipping sinon@~1.7.3 /Users/hasimpson/projects/earthquake-eventpages
28 verbose cache add [ 'hazdev-template@git+https://github.com/usgs/hazdev-template.git',
28 verbose cache add   null ]
29 verbose cache add name=undefined spec="hazdev-template@git+https://github.com/usgs/hazdev-template.git" args=["hazdev-template@git+https://github.com/usgs/hazdev-template.git",null]
30 verbose parsed url { protocol: null,
30 verbose parsed url   slashes: null,
30 verbose parsed url   auth: null,
30 verbose parsed url   host: null,
30 verbose parsed url   port: null,
30 verbose parsed url   hostname: null,
30 verbose parsed url   hash: null,
30 verbose parsed url   search: null,
30 verbose parsed url   query: null,
30 verbose parsed url   pathname: 'hazdev-template@git+https://github.com/usgs/hazdev-template.git',
30 verbose parsed url   path: 'hazdev-template@git+https://github.com/usgs/hazdev-template.git',
30 verbose parsed url   href: 'hazdev-template@git+https://github.com/usgs/hazdev-template.git' }
31 verbose cache add name="hazdev-template" spec="git+https://github.com/usgs/hazdev-template.git" args=["hazdev-template","git+https://github.com/usgs/hazdev-template.git"]
32 verbose parsed url { protocol: 'git+https:',
32 verbose parsed url   slashes: true,
32 verbose parsed url   auth: null,
32 verbose parsed url   host: 'github.com',
32 verbose parsed url   port: null,
32 verbose parsed url   hostname: 'github.com',
32 verbose parsed url   hash: null,
32 verbose parsed url   search: null,
32 verbose parsed url   query: null,
32 verbose parsed url   pathname: '/usgs/hazdev-template.git',
32 verbose parsed url   path: '/usgs/hazdev-template.git',
32 verbose parsed url   href: 'git+https://github.com/usgs/hazdev-template.git' }
33 verbose cache add [ 'grunt-connect-rewrite@~0.1.1', null ]
34 verbose cache add name=undefined spec="grunt-connect-rewrite@~0.1.1" args=["grunt-connect-rewrite@~0.1.1",null]
35 verbose parsed url { protocol: null,
35 verbose parsed url   slashes: null,
35 verbose parsed url   auth: null,
35 verbose parsed url   host: null,
35 verbose parsed url   port: null,
35 verbose parsed url   hostname: null,
35 verbose parsed url   hash: null,
35 verbose parsed url   search: null,
35 verbose parsed url   query: null,
35 verbose parsed url   pathname: 'grunt-connect-rewrite@~0.1.1',
35 verbose parsed url   path: 'grunt-connect-rewrite@~0.1.1',
35 verbose parsed url   href: 'grunt-connect-rewrite@~0.1.1' }
36 verbose cache add name="grunt-connect-rewrite" spec="~0.1.1" args=["grunt-connect-rewrite","~0.1.1"]
37 verbose parsed url { protocol: null,
37 verbose parsed url   slashes: null,
37 verbose parsed url   auth: null,
37 verbose parsed url   host: null,
37 verbose parsed url   port: null,
37 verbose parsed url   hostname: null,
37 verbose parsed url   hash: null,
37 verbose parsed url   search: null,
37 verbose parsed url   query: null,
37 verbose parsed url   pathname: '~0.1.1',
37 verbose parsed url   path: '~0.1.1',
37 verbose parsed url   href: '~0.1.1' }
38 verbose addNamed [ 'grunt-connect-rewrite', '~0.1.1' ]
39 verbose addNamed [ null, '>=0.1.1-0 <0.2.0-0' ]
40 silly lockFile 9a15ebb2-hub-com-usgs-hazdev-template-git git+https://github.com/usgs/hazdev-template.git
41 verbose lock git+https://github.com/usgs/hazdev-template.git /Users/hasimpson/.npm/9a15ebb2-hub-com-usgs-hazdev-template-git.lock
42 verbose already installed skipping chai@~1.7.0 /Users/hasimpson/projects/earthquake-eventpages
43 silly lockFile cd5a8325-grunt-connect-rewrite-0-1-1 grunt-connect-rewrite@~0.1.1
44 verbose lock grunt-connect-rewrite@~0.1.1 /Users/hasimpson/.npm/cd5a8325-grunt-connect-rewrite-0-1-1.lock
45 verbose already installed skipping connect-livereload@~0.2.0 /Users/hasimpson/projects/earthquake-eventpages
46 verbose addRemoteGit [ 'https://github.com/usgs/hazdev-template.git', 'master' ]
47 silly addNameRange { name: 'grunt-connect-rewrite',
47 silly addNameRange   range: '>=0.1.1-0 <0.2.0-0',
47 silly addNameRange   hasData: false }
48 verbose url raw grunt-connect-rewrite
49 verbose url resolving [ 'https://registry.npmjs.org/', './grunt-connect-rewrite' ]
50 verbose url resolved https://registry.npmjs.org/grunt-connect-rewrite
51 info trying registry request attempt 1 at 15:27:40
52 verbose etag "4QFIRCR0ZVXVIL1SASEFCO7OY"
53 http GET https://registry.npmjs.org/grunt-connect-rewrite
54 verbose git remote.origin.url https://github.com/usgs/hazdev-template.git
55 http 304 https://registry.npmjs.org/grunt-connect-rewrite
56 silly registry.get cb [ 304,
56 silly registry.get   { server: 'CouchDB/1.3.1 (Erlang OTP/R15B03)',
56 silly registry.get     etag: '"4QFIRCR0ZVXVIL1SASEFCO7OY"',
56 silly registry.get     date: 'Tue, 12 Nov 2013 22:27:41 GMT',
56 silly registry.get     'content-length': '0' } ]
57 verbose etag grunt-connect-rewrite from cache
58 silly addNameRange number 2 { name: 'grunt-connect-rewrite',
58 silly addNameRange   range: '>=0.1.1-0 <0.2.0-0',
58 silly addNameRange   hasData: true }
59 silly addNameRange versions [ 'grunt-connect-rewrite', [ '0.1.0', '0.1.1' ] ]
60 verbose addNamed [ 'grunt-connect-rewrite', '0.1.1' ]
61 verbose addNamed [ '0.1.1', '0.1.1' ]
62 silly lockFile 383923c1-grunt-connect-rewrite-0-1-1 grunt-connect-rewrite@0.1.1
63 verbose lock grunt-connect-rewrite@0.1.1 /Users/hasimpson/.npm/383923c1-grunt-connect-rewrite-0-1-1.lock
64 silly lockFile 383923c1-grunt-connect-rewrite-0-1-1 grunt-connect-rewrite@0.1.1
65 silly lockFile 383923c1-grunt-connect-rewrite-0-1-1 grunt-connect-rewrite@0.1.1
66 silly lockFile cd5a8325-grunt-connect-rewrite-0-1-1 grunt-connect-rewrite@~0.1.1
67 silly lockFile cd5a8325-grunt-connect-rewrite-0-1-1 grunt-connect-rewrite@~0.1.1
68 verbose git fetch -a origin (https://github.com/usgs/hazdev-template.git) From https://github.com/usgs/hazdev-template
68 verbose git fetch -a origin (https://github.com/usgs/hazdev-template.git)    eaa86d1..b49fe53  master     -> master
69 verbose git rev-list -n1 master b49fe5337261a3a6de66001f382fb5c54b06ef85
70 verbose resolved git url git+https://github.com/usgs/hazdev-template.git#b49fe5337261a3a6de66001f382fb5c54b06ef85
71 verbose tar unpack /var/folders/tf/m27g8yw95sl7vc4nq6j21_p99th8xx/T/npm-69145-0Zm7aGIh/1384295261945-0.20669216569513083/tmp.tgz
72 silly lockFile 7c4ec0fd-1945-0-20669216569513083-package tar:///var/folders/tf/m27g8yw95sl7vc4nq6j21_p99th8xx/T/npm-69145-0Zm7aGIh/1384295261945-0.20669216569513083/package
73 verbose lock tar:///var/folders/tf/m27g8yw95sl7vc4nq6j21_p99th8xx/T/npm-69145-0Zm7aGIh/1384295261945-0.20669216569513083/package /Users/hasimpson/.npm/7c4ec0fd-1945-0-20669216569513083-package.lock
74 silly lockFile b877636e-1945-0-20669216569513083-tmp-tgz tar:///var/folders/tf/m27g8yw95sl7vc4nq6j21_p99th8xx/T/npm-69145-0Zm7aGIh/1384295261945-0.20669216569513083/tmp.tgz
75 verbose lock tar:///var/folders/tf/m27g8yw95sl7vc4nq6j21_p99th8xx/T/npm-69145-0Zm7aGIh/1384295261945-0.20669216569513083/tmp.tgz /Users/hasimpson/.npm/b877636e-1945-0-20669216569513083-tmp-tgz.lock
76 silly gunzTarPerm modes [ '755', '644' ]
77 silly gunzTarPerm extractEntry
78 silly gunzTarPerm modified mode [ '', 509, 493 ]
79 silly gunzTarPerm extractEntry .bowerrc
80 silly gunzTarPerm modified mode [ '.bowerrc', 436, 420 ]
81 silly gunzTarPerm extractEntry .editorconfig
82 silly gunzTarPerm modified mode [ '.editorconfig', 436, 420 ]
83 silly gunzTarPerm extractEntry .gitattributes
84 silly gunzTarPerm modified mode [ '.gitattributes', 436, 420 ]
85 silly gunzTarPerm extractEntry .gitignore
86 silly gunzTarPerm modified mode [ '.gitignore', 436, 420 ]
87 silly gunzTarPerm extractEntry .jshintrc
88 silly gunzTarPerm modified mode [ '.jshintrc', 436, 420 ]
89 silly gunzTarPerm extractEntry .travis.yml
90 silly gunzTarPerm modified mode [ '.travis.yml', 436, 420 ]
91 silly gunzTarPerm extractEntry Gruntfile.js
92 silly gunzTarPerm modified mode [ 'Gruntfile.js', 436, 420 ]
93 silly gunzTarPerm extractEntry LICENSE
94 silly gunzTarPerm modified mode [ 'LICENSE', 436, 420 ]
95 silly gunzTarPerm extractEntry README.md
96 silly gunzTarPerm modified mode [ 'README.md', 436, 420 ]
97 silly gunzTarPerm extractEntry bower.json
98 silly gunzTarPerm modified mode [ 'bower.json', 436, 420 ]
99 silly gunzTarPerm extractEntry hazdev-template.sublime-project
100 silly gunzTarPerm modified mode [ 'hazdev-template.sublime-project', 436, 420 ]
101 silly gunzTarPerm extractEntry package.json
102 silly gunzTarPerm modified mode [ 'package.json', 436, 420 ]
103 silly gunzTarPerm extractEntry src/
104 silly gunzTarPerm modified mode [ 'src/', 509, 493 ]
105 silly gunzTarPerm extractEntry src/htdocs/
106 silly gunzTarPerm modified mode [ 'src/htdocs/', 509, 493 ]
107 silly gunzTarPerm extractEntry src/htdocs/css/
108 silly gunzTarPerm modified mode [ 'src/htdocs/css/', 509, 493 ]
109 silly gunzTarPerm extractEntry src/htdocs/css/_banner.scss
110 silly gunzTarPerm modified mode [ 'src/htdocs/css/_banner.scss', 436, 420 ]
111 silly gunzTarPerm extractEntry src/htdocs/css/_footer.scss
112 silly gunzTarPerm modified mode [ 'src/htdocs/css/_footer.scss', 436, 420 ]
113 silly gunzTarPerm extractEntry src/htdocs/css/_offcanvas.scss
114 silly gunzTarPerm modified mode [ 'src/htdocs/css/_offcanvas.scss', 436, 420 ]
115 silly gunzTarPerm extractEntry src/htdocs/css/_page.scss
116 silly gunzTarPerm modified mode [ 'src/htdocs/css/_page.scss', 436, 420 ]
117 silly gunzTarPerm extractEntry src/htdocs/css/_social.scss
118 silly gunzTarPerm modified mode [ 'src/htdocs/css/_social.scss', 436, 420 ]
119 silly gunzTarPerm extractEntry src/htdocs/css/_template.scss
120 silly gunzTarPerm modified mode [ 'src/htdocs/css/_template.scss', 436, 420 ]
121 silly gunzTarPerm extractEntry src/htdocs/css/flexible-grid.scss
122 silly gunzTarPerm modified mode [ 'src/htdocs/css/flexible-grid.scss', 436, 420 ]
123 silly gunzTarPerm extractEntry src/htdocs/images/
124 silly gunzTarPerm modified mode [ 'src/htdocs/images/', 509, 493 ]
125 silly gunzTarPerm extractEntry src/htdocs/images/social-sprite.png
126 silly gunzTarPerm modified mode [ 'src/htdocs/images/social-sprite.png', 436, 420 ]
127 silly gunzTarPerm extractEntry src/htdocs/images/usgs-banner.jpg
128 silly gunzTarPerm modified mode [ 'src/htdocs/images/usgs-banner.jpg', 436, 420 ]
129 silly gunzTarPerm extractEntry src/htdocs/images/usgs-logo.jpg
130 silly gunzTarPerm modified mode [ 'src/htdocs/images/usgs-logo.jpg', 436, 420 ]
131 silly gunzTarPerm extractEntry src/htdocs/js/
132 silly gunzTarPerm modified mode [ 'src/htdocs/js/', 509, 493 ]
133 silly gunzTarPerm extractEntry src/htdocs/js/OffCanvas.js
134 silly gunzTarPerm modified mode [ 'src/htdocs/js/OffCanvas.js', 436, 420 ]
135 silly gunzTarPerm extractEntry src/htdocs/js/index.js
136 silly gunzTarPerm modified mode [ 'src/htdocs/js/index.js', 436, 420 ]
137 silly gunzTarPerm extractEntry src/lib/
138 silly gunzTarPerm modified mode [ 'src/lib/', 509, 493 ]
139 silly gunzTarPerm extractEntry src/lib/config.inc.php
140 silly gunzTarPerm modified mode [ 'src/lib/config.inc.php', 436, 420 ]
141 silly gunzTarPerm extractEntry src/lib/functions.inc.php
142 silly gunzTarPerm modified mode [ 'src/lib/functions.inc.php', 436, 420 ]
143 silly gunzTarPerm extractEntry src/lib/layout.inc.php
144 silly gunzTarPerm modified mode [ 'src/lib/layout.inc.php', 436, 420 ]
145 silly gunzTarPerm extractEntry src/lib/pre-install
146 silly gunzTarPerm modified mode [ 'src/lib/pre-install', 509, 493 ]
147 silly gunzTarPerm extractEntry src/lib/pre-install.php
148 silly gunzTarPerm modified mode [ 'src/lib/pre-install.php', 436, 420 ]
149 silly gunzTarPerm extractEntry src/lib/template.inc.php
150 silly gunzTarPerm modified mode [ 'src/lib/template.inc.php', 436, 420 ]
151 silly gunzTarPerm extractEntry src/lib/uninstall
152 silly gunzTarPerm modified mode [ 'src/lib/uninstall', 509, 493 ]
153 silly gunzTarPerm extractEntry test/
154 silly gunzTarPerm modified mode [ 'test/', 509, 493 ]
155 silly gunzTarPerm extractEntry test/_config.inc.php
156 silly gunzTarPerm modified mode [ 'test/_config.inc.php', 436, 420 ]
157 silly gunzTarPerm extractEntry test/_navigation.inc.php
158 silly gunzTarPerm modified mode [ 'test/_navigation.inc.php', 436, 420 ]
159 silly gunzTarPerm extractEntry test/css/
160 silly gunzTarPerm modified mode [ 'test/css/', 509, 493 ]
161 silly gunzTarPerm extractEntry test/css/index.scss
162 silly gunzTarPerm modified mode [ 'test/css/index.scss', 436, 420 ]
163 silly gunzTarPerm extractEntry test/favicon.ico
164 silly gunzTarPerm modified mode [ 'test/favicon.ico', 436, 420 ]
165 silly gunzTarPerm extractEntry test/flexible-grid.php
166 silly gunzTarPerm modified mode [ 'test/flexible-grid.php', 436, 420 ]
167 silly gunzTarPerm extractEntry test/index.php
168 silly gunzTarPerm modified mode [ 'test/index.php', 436, 420 ]
169 silly lockFile 7c4ec0fd-1945-0-20669216569513083-package tar:///var/folders/tf/m27g8yw95sl7vc4nq6j21_p99th8xx/T/npm-69145-0Zm7aGIh/1384295261945-0.20669216569513083/package
170 silly lockFile 7c4ec0fd-1945-0-20669216569513083-package tar:///var/folders/tf/m27g8yw95sl7vc4nq6j21_p99th8xx/T/npm-69145-0Zm7aGIh/1384295261945-0.20669216569513083/package
171 silly lockFile b877636e-1945-0-20669216569513083-tmp-tgz tar:///var/folders/tf/m27g8yw95sl7vc4nq6j21_p99th8xx/T/npm-69145-0Zm7aGIh/1384295261945-0.20669216569513083/tmp.tgz
172 silly lockFile b877636e-1945-0-20669216569513083-tmp-tgz tar:///var/folders/tf/m27g8yw95sl7vc4nq6j21_p99th8xx/T/npm-69145-0Zm7aGIh/1384295261945-0.20669216569513083/tmp.tgz
173 verbose tar pack [ '/Users/hasimpson/.npm/hazdev-template/0.0.0/package.tgz',
173 verbose tar pack   '/var/folders/tf/m27g8yw95sl7vc4nq6j21_p99th8xx/T/npm-69145-0Zm7aGIh/1384295261945-0.20669216569513083/package' ]
174 verbose tarball /Users/hasimpson/.npm/hazdev-template/0.0.0/package.tgz
175 verbose folder /var/folders/tf/m27g8yw95sl7vc4nq6j21_p99th8xx/T/npm-69145-0Zm7aGIh/1384295261945-0.20669216569513083/package
176 silly lockFile 7c4ec0fd-1945-0-20669216569513083-package tar:///var/folders/tf/m27g8yw95sl7vc4nq6j21_p99th8xx/T/npm-69145-0Zm7aGIh/1384295261945-0.20669216569513083/package
177 verbose lock tar:///var/folders/tf/m27g8yw95sl7vc4nq6j21_p99th8xx/T/npm-69145-0Zm7aGIh/1384295261945-0.20669216569513083/package /Users/hasimpson/.npm/7c4ec0fd-1945-0-20669216569513083-package.lock
178 silly lockFile 446ba106-azdev-template-0-0-0-package-tgz tar:///Users/hasimpson/.npm/hazdev-template/0.0.0/package.tgz
179 verbose lock tar:///Users/hasimpson/.npm/hazdev-template/0.0.0/package.tgz /Users/hasimpson/.npm/446ba106-azdev-template-0-0-0-package-tgz.lock
180 silly lockFile 7c4ec0fd-1945-0-20669216569513083-package tar:///var/folders/tf/m27g8yw95sl7vc4nq6j21_p99th8xx/T/npm-69145-0Zm7aGIh/1384295261945-0.20669216569513083/package
181 silly lockFile 7c4ec0fd-1945-0-20669216569513083-package tar:///var/folders/tf/m27g8yw95sl7vc4nq6j21_p99th8xx/T/npm-69145-0Zm7aGIh/1384295261945-0.20669216569513083/package
182 silly lockFile 446ba106-azdev-template-0-0-0-package-tgz tar:///Users/hasimpson/.npm/hazdev-template/0.0.0/package.tgz
183 silly lockFile 446ba106-azdev-template-0-0-0-package-tgz tar:///Users/hasimpson/.npm/hazdev-template/0.0.0/package.tgz
184 silly lockFile 80ac8906-pm-hazdev-template-0-0-0-package /Users/hasimpson/.npm/hazdev-template/0.0.0/package
185 verbose lock /Users/hasimpson/.npm/hazdev-template/0.0.0/package /Users/hasimpson/.npm/80ac8906-pm-hazdev-template-0-0-0-package.lock
186 silly lockFile 80ac8906-pm-hazdev-template-0-0-0-package /Users/hasimpson/.npm/hazdev-template/0.0.0/package
187 silly lockFile 80ac8906-pm-hazdev-template-0-0-0-package /Users/hasimpson/.npm/hazdev-template/0.0.0/package
188 verbose tar unpack /Users/hasimpson/.npm/hazdev-template/0.0.0/package.tgz
189 silly lockFile 827f2077-pm-hazdev-template-0-0-0-package tar:///Users/hasimpson/.npm/hazdev-template/0.0.0/package
190 verbose lock tar:///Users/hasimpson/.npm/hazdev-template/0.0.0/package /Users/hasimpson/.npm/827f2077-pm-hazdev-template-0-0-0-package.lock
191 silly lockFile 446ba106-azdev-template-0-0-0-package-tgz tar:///Users/hasimpson/.npm/hazdev-template/0.0.0/package.tgz
192 verbose lock tar:///Users/hasimpson/.npm/hazdev-template/0.0.0/package.tgz /Users/hasimpson/.npm/446ba106-azdev-template-0-0-0-package-tgz.lock
193 silly gunzTarPerm modes [ '755', '644' ]
194 silly gunzTarPerm extractEntry package.json
195 silly gunzTarPerm extractEntry .npmignore
196 silly gunzTarPerm extractEntry README.md
197 silly gunzTarPerm extractEntry LICENSE
198 silly gunzTarPerm extractEntry Gruntfile.js
199 silly gunzTarPerm extractEntry .travis.yml
200 silly gunzTarPerm extractEntry .gitattributes
201 silly gunzTarPerm extractEntry .editorconfig
202 silly gunzTarPerm extractEntry .bowerrc
203 silly gunzTarPerm extractEntry bower.json
204 silly gunzTarPerm extractEntry hazdev-template.sublime-project
205 silly gunzTarPerm extractEntry .jshintrc
206 silly gunzTarPerm extractEntry src/htdocs/css/_banner.scss
207 silly gunzTarPerm extractEntry src/htdocs/css/_footer.scss
208 silly gunzTarPerm extractEntry src/htdocs/css/_offcanvas.scss
209 silly gunzTarPerm extractEntry src/htdocs/css/_page.scss
210 silly gunzTarPerm extractEntry src/htdocs/css/_social.scss
211 silly gunzTarPerm extractEntry src/htdocs/css/_template.scss
212 silly gunzTarPerm extractEntry src/htdocs/css/flexible-grid.scss
213 silly gunzTarPerm extractEntry src/htdocs/images/social-sprite.png
214 silly gunzTarPerm extractEntry src/htdocs/images/usgs-banner.jpg
215 silly gunzTarPerm extractEntry src/htdocs/images/usgs-logo.jpg
216 silly gunzTarPerm extractEntry src/htdocs/js/OffCanvas.js
217 silly gunzTarPerm extractEntry src/htdocs/js/index.js
218 silly gunzTarPerm extractEntry src/lib/config.inc.php
219 silly gunzTarPerm extractEntry src/lib/functions.inc.php
220 silly gunzTarPerm extractEntry src/lib/layout.inc.php
221 silly gunzTarPerm extractEntry src/lib/pre-install
222 silly gunzTarPerm extractEntry src/lib/pre-install.php
223 silly gunzTarPerm extractEntry src/lib/template.inc.php
224 silly gunzTarPerm extractEntry src/lib/uninstall
225 silly gunzTarPerm extractEntry test/_config.inc.php
226 silly gunzTarPerm extractEntry test/_navigation.inc.php
227 silly gunzTarPerm extractEntry test/css/index.scss
228 silly gunzTarPerm extractEntry test/favicon.ico
229 silly gunzTarPerm extractEntry test/flexible-grid.php
230 silly gunzTarPerm extractEntry test/index.php
231 silly lockFile 827f2077-pm-hazdev-template-0-0-0-package tar:///Users/hasimpson/.npm/hazdev-template/0.0.0/package
232 silly lockFile 827f2077-pm-hazdev-template-0-0-0-package tar:///Users/hasimpson/.npm/hazdev-template/0.0.0/package
233 silly lockFile 446ba106-azdev-template-0-0-0-package-tgz tar:///Users/hasimpson/.npm/hazdev-template/0.0.0/package.tgz
234 silly lockFile 446ba106-azdev-template-0-0-0-package-tgz tar:///Users/hasimpson/.npm/hazdev-template/0.0.0/package.tgz
235 verbose chmod /Users/hasimpson/.npm/hazdev-template/0.0.0/package.tgz 644
236 verbose chown /Users/hasimpson/.npm/hazdev-template/0.0.0/package.tgz [ 1403528125, 346589396 ]
237 silly lockFile e2fc021b-hub-com-usgs-hazdev-template-git https://github.com/usgs/hazdev-template.git
238 silly resolved [ { name: 'grunt-connect-rewrite',
238 silly resolved     description: 'Provides RewriteRules middleware for the grunt connect and express.',
238 silly resolved     version: '0.1.1',
238 silly resolved     homepage: 'https://github.com/viart/grunt-connect-rewrite',
238 silly resolved     author: { name: 'Artem Vitiuk', email: 'artem@devart.in.ua' },
238 silly resolved     repository:
238 silly resolved      { type: 'git',
238 silly resolved        url: 'git@github.com:viart/grunt-connect-rewrite.git' },
238 silly resolved     bugs: { url: 'https://github.com/viart/grunt-connect-rewrite/issues' },
238 silly resolved     licenses: [ [Object] ],
238 silly resolved     main: 'Gruntfile.js',
238 silly resolved     engines: { node: '>= 0.8.0' },
238 silly resolved     scripts: { test: 'grunt test' },
238 silly resolved     devDependencies:
238 silly resolved      { 'grunt-contrib-jshint': '~0.1.1',
238 silly resolved        'grunt-contrib-clean': '~0.4.0',
238 silly resolved        'grunt-contrib-nodeunit': '~0.1.2',
238 silly resolved        grunt: '~0.4.1' },
238 silly resolved     peerDependencies: { grunt: '~0.4.1' },
238 silly resolved     keywords:
238 silly resolved      [ 'gruntplugin',
238 silly resolved        'grunt-contrib-connect',
238 silly resolved        'grunt-express',
238 silly resolved        'modrewrite',
238 silly resolved        'rewriterule',
238 silly resolved        'rewrite',
238 silly resolved        'route',
238 silly resolved        'connect',
238 silly resolved        'express' ],
238 silly resolved     readme: '# grunt-connect-rewrite\n\n> This plugin provides RewriteRules middleware for the Grunt Connect / Express.\n\n## Getting Started\nThis plugin requires Grunt `~0.4.1`\n\nIf you haven\'t used [Grunt](http://gruntjs.com/) before, be sure to check out the [Getting Started](http://gruntjs.com/getting-started) guide, as it explains how to create a [Gruntfile](http://gruntjs.com/sample-gruntfile) as well as install and use Grunt plugins. Once you\'re familiar with that process, you may install this plugin with this command:\n\n```shell\nnpm install grunt-connect-rewrite --save-dev\n```\n\nOnce the plugin has been installed, it may be enabled inside your Gruntfile with this line of JavaScript:\n\n```js\ngrunt.loadNpmTasks(\'grunt-connect-rewrite\');\n```\n\n## Adapting the "connect" task\n\n### Overview\n\n#### Rules Configuration\nIn your project\'s Gruntfile, add a section named `rules` to your existing connect definition.\nPlease note that unlike options, rules cannot be set per server, so the rules attribute must always\nbe nested directly under \'connect\'.\n\n```js\ngrunt.initConfig({\n    connect: {\n        options: {\n            port: 9000,\n            hostname: \'localhost\'\n        },\n        rules: {\n            \'^/index_dev.html$\': \'/src/index.html\',\n            \'^/js/(.*)$\': \'/src/js/$1\',\n            \'^/css/(.*)$\': \'/public/css/$1\'\n        }\n    }\n})\n```\n\nYou may also optionally read rules from a different grunt config, like so:\n\n```js\ngrunt.initConfig({\n    express: {\n        options: {\n            port: 9000\n        },\n        server: {\n            hostname: \'localhost\'\n        },\n        rules: {\n            \'^/index_dev.html$\': \'/src/index.html\',\n            \'^/js/(.*)$\': \'/src/js/$1\',\n            \'^/css/(.*)$\': \'/public/css/$1\'\n        }\n    },\n    configureRewriteRules: {\n        options: {\n            rulesProvider: \'express.rules\'\n        }\n    }\n}\n})\n```\n\n#### Adding the middleware\nInclude helper to use in the middleware (add this line to the top of the grunt file):\n```js\nvar rewriteRulesSnippet = require(\'grunt-connect-rewrite/lib/utils\').rewriteRequest;\n```\n\nAdd the RewriteRules snippet to the connect option middleware hook\n```js\nconnect: {\n    development: {\n        options: {\n            middleware: function (connect) {\n                return [\n                    rewriteRulesSnippet, // RewriteRules support\n                    connect.static(require(\'path\').resolve(options.base)) // mount filesystem\n                ];\n            }\n        }\n    }\n}\n```\n\n### Adding the "configureRewriteRules" task to the server task\nFor the server task, add the "configureRewriteRules" task before the "connect" task\n```js\ngrunt.registerTask(\'server\', function (target) {\n    grunt.task.run([\n        \'configureRewriteRules\',\n        \'connect:development\'\n    ]);\n});\n```\n\n## Contributing\nIn lieu of a formal styleguide, take care to maintain the existing coding style. Add unit tests for any new or changed functionality. Lint and test your code using [Grunt](http://gruntjs.com/).\n\n## Release History\n* 2013.07.27 `v0.1.1` Add possibility to read settings from custom grunt config path\n* 2013.04.12 `v0.1.0` Initial Release\n',
238 silly resolved     readmeFilename: 'README.md',
238 silly resolved     _id: 'grunt-connect-rewrite@0.1.1',
238 silly resolved     _from: 'grunt-connect-rewrite@~0.1.1' },
238 silly resolved   { name: 'hazdev-template',
238 silly resolved     version: '0.0.0',
238 silly resolved     description: 'Template for HazDev web sites.',
238 silly resolved     repository:
238 silly resolved      { type: 'git',
238 silly resolved        url: 'https://github.com/usgs/hazdev-template.git' },
238 silly resolved     keywords: [ 'usgs' ],
238 silly resolved     scripts:
238 silly resolved      { test: 'grunt test',
238 silly resolved        preinstall: 'php src/lib/pre-install.php' },
238 silly resolved     dependencies: {},
238 silly resolved     devDependencies:
238 silly resolved      { chai: '~1.7.0',
238 silly resolved        'connect-livereload': '~0.2.0',
238 silly resolved        gateway: '~0.1.1',
238 silly resolved        grunt: '~0.4.1',
238 silly resolved        'grunt-concurrent': '~0.3.0',
238 silly resolved        'grunt-contrib-clean': '~0.4.1',
238 silly resolved        'grunt-contrib-compass': '~0.2.0',
238 silly resolved        'grunt-contrib-connect': '~0.3.0',
238 silly resolved        'grunt-contrib-copy': '~0.4.1',
238 silly resolved        'grunt-contrib-cssmin': '~0.6.1',
238 silly resolved        'grunt-contrib-htmlmin': '~0.1.3',
238 silly resolved        'grunt-contrib-jshint': '~0.6.0',
238 silly resolved        'grunt-contrib-requirejs': '~0.4.1',
238 silly resolved        'grunt-contrib-uglify': '~0.2.2',
238 silly resolved        'grunt-contrib-watch': '~0.4.4',
238 silly resolved        'grunt-mocha-phantomjs': '~0.2.8',
238 silly resolved        'grunt-open': '~0.2.0',
238 silly resolved        'grunt-text-replace': '~0.3.6',
238 silly resolved        matchdep: '~0.1.2',
238 silly resolved        mocha: '~1.9.0',
238 silly resolved        sinon: '~1.7.3',
238 silly resolved        'grunt-connect-rewrite': '~0.1.1' },
238 silly resolved     engines: { node: '>=0.8.0' },
238 silly resolved     readme: 'hazdev-template\n===============\n\nLightweight php template framework\n\n\n\n## Working on the hazdev-template project:\n\n### Dependencies:\n\n1. Node, NPM\n2. Sass, Compass\n3. PHP-CGI 5.4+\n\n### Getting Started:\n\n1. Install NPM dependencies\n\n    `npm install`\n\n2. Install Bower dependencies\n\n    `bower install`\n\n3. Configure the project (do this any time the path to the project changes)\n\n    `php src/lib/pre-install.php`\n\n4. Preview in a browser\n\n    `grunt`\n\n\n### Example usage\n\nThe `test` directory shows an example usage of the template:\n\n* css/index.scss defines css variables, and includes the template sass partial\n* _config.inc.php configures site wide settings\n* _navigation.inc.php configures left navigation\n* index.php includes the template\n\n\n\n## Embedding the hazdev-template in another project\n\n<pre><code>npm install grunt-connect-rewrite --save-dev\nnpm install git+https://github.com/usgs/hazdev-template.git --save-dev</code></pre>\n\n\n### Gruntfile configuration\n\n\nConfigure php include path, by updating the mountPHP middleware function:\n\n<pre><code>var mountPHP = function (dir, options) {\n\t<strong>options = options || {\n\t\t\'.php\': \'php-cgi\',\n\t\t\'env\': {\n\t\t\t\'PHPRC\': process.cwd() + \'/node_modules/hazdev-template/src/conf/php.ini\'\n\t\t}\n\t};</strong>\n\treturn gateway(require(\'path\').resolve(dir), options);\n};\n</code></pre>\n\n#### Configure grunt-connect-rewrite module:\n\nIn each grunt task that uses connect, add configureRewriteRules task before any connect:\n\n<pre><code>grunt.registerTask(\'default\', [\n    \'clean:dist\',\n    \'compass:dev\',\n    <strong>\'configureRewriteRules\',</strong>\n    \'connect:test\',\n    \'connect:dev\',\n    \'open:test\',\n    \'open:dev\',\n    \'watch\'\n]);\n</code></pre>\n\nAt top of Gruntfile, add this:\n\n<pre><code><strong>var rewriteRulesSnippet = require(\'grunt-connect-rewrite/lib/utils\').rewriteRequest;</strong>\n</code></pre>\n\n\nIn the connect section, add a rules property to configure template rewrites; add the rewriteRulesSnippet middleware and mount the node_modules folder\n\n<pre><code>connect: {\n    options: {\n            hostname: \'localhost\'\n    },\n    <strong>rules: {\n            \'^/template/(.*)$\': \'/hazdev-template/src/htdocs/$1\'\n    },</strong>\n    dev: {\n            options: {\n                    base: \'<%= app.src %>/htdocs\',\n                    port: 8080,\n                    components: bowerConfig.directory,\n                    middleware: function (connect, options) {\n                            return [\n                                    lrSnippet,\n                                    mountFolder(connect, \'.tmp\'),\n                                    mountFolder(connect, \'bower_components\'),\n                                    mountPHP(options.base),\n                                    mountFolder(connect, options.base),\n                                    <strong>rewriteRulesSnippet,\n                                    mountFolder(connect, \'node_modules\')</strong>\n                            ];\n                    }\n            }\n    }\n }\n</code></pre>\n\n\n',
238 silly resolved     readmeFilename: 'README.md',
238 silly resolved     bugs: { url: 'https://github.com/usgs/hazdev-template/issues' },
238 silly resolved     _id: 'hazdev-template@0.0.0',
238 silly resolved     dist: { shasum: '93d4fc273180f8c0f35e840e72022cf4242b0c6b' },
238 silly resolved     _resolved: 'git+https://github.com/usgs/hazdev-template.git#b49fe5337261a3a6de66001f382fb5c54b06ef85',
238 silly resolved     _from: 'hazdev-template@git+https://github.com/usgs/hazdev-template.git' } ]
239 info install grunt-connect-rewrite@0.1.1 into /Users/hasimpson/projects/earthquake-eventpages
240 info install hazdev-template@0.0.0 into /Users/hasimpson/projects/earthquake-eventpages
241 info installOne grunt-connect-rewrite@0.1.1
242 info installOne hazdev-template@0.0.0
243 info /Users/hasimpson/projects/earthquake-eventpages/node_modules/grunt-connect-rewrite unbuild
244 info /Users/hasimpson/projects/earthquake-eventpages/node_modules/hazdev-template unbuild
245 verbose tar unpack /Users/hasimpson/.npm/grunt-connect-rewrite/0.1.1/package.tgz
246 silly lockFile 7549e7f2-de-modules-grunt-connect-rewrite tar:///Users/hasimpson/projects/earthquake-eventpages/node_modules/grunt-connect-rewrite
247 verbose lock tar:///Users/hasimpson/projects/earthquake-eventpages/node_modules/grunt-connect-rewrite /Users/hasimpson/.npm/7549e7f2-de-modules-grunt-connect-rewrite.lock
248 silly lockFile 8d450733-onnect-rewrite-0-1-1-package-tgz tar:///Users/hasimpson/.npm/grunt-connect-rewrite/0.1.1/package.tgz
249 verbose lock tar:///Users/hasimpson/.npm/grunt-connect-rewrite/0.1.1/package.tgz /Users/hasimpson/.npm/8d450733-onnect-rewrite-0-1-1-package-tgz.lock
250 verbose tar unpack /Users/hasimpson/.npm/hazdev-template/0.0.0/package.tgz
251 silly lockFile dc41c0e4-ges-node-modules-hazdev-template tar:///Users/hasimpson/projects/earthquake-eventpages/node_modules/hazdev-template
252 verbose lock tar:///Users/hasimpson/projects/earthquake-eventpages/node_modules/hazdev-template /Users/hasimpson/.npm/dc41c0e4-ges-node-modules-hazdev-template.lock
253 silly lockFile 446ba106-azdev-template-0-0-0-package-tgz tar:///Users/hasimpson/.npm/hazdev-template/0.0.0/package.tgz
254 verbose lock tar:///Users/hasimpson/.npm/hazdev-template/0.0.0/package.tgz /Users/hasimpson/.npm/446ba106-azdev-template-0-0-0-package-tgz.lock
255 silly gunzTarPerm modes [ '755', '644' ]
256 silly gunzTarPerm modes [ '755', '644' ]
257 error Error: EACCES, mkdir '/Users/hasimpson/projects/earthquake-eventpages/node_modules/hazdev-template'
257 error  { [Error: EACCES, mkdir '/Users/hasimpson/projects/earthquake-eventpages/node_modules/hazdev-template']
257 error   errno: 3,
257 error   code: 'EACCES',
257 error   path: '/Users/hasimpson/projects/earthquake-eventpages/node_modules/hazdev-template',
257 error   fstream_type: 'Directory',
257 error   fstream_path: '/Users/hasimpson/projects/earthquake-eventpages/node_modules/hazdev-template',
257 error   fstream_class: 'DirWriter',
257 error   fstream_stack:
257 error    [ '/usr/local/Cellar/node/0.10.17/lib/node_modules/npm/node_modules/fstream/lib/dir-writer.js:36:23',
257 error      '/usr/local/Cellar/node/0.10.17/lib/node_modules/npm/node_modules/mkdirp/index.js:37:53',
257 error      'Object.oncomplete (fs.js:107:15)' ] }
258 error Please try running this command again as root/Administrator.
259 error System Darwin 12.5.0
260 error command "/usr/local/Cellar/node/0.10.17/bin/node" "/usr/local/bin/npm" "install"
261 error cwd /Users/hasimpson/projects/earthquake-eventpages
262 error node -v v0.10.17
263 error npm -v 1.3.8
264 error path /Users/hasimpson/projects/earthquake-eventpages/node_modules/hazdev-template
265 error fstream_path /Users/hasimpson/projects/earthquake-eventpages/node_modules/hazdev-template
266 error fstream_type Directory
267 error fstream_class DirWriter
268 error code EACCES
269 error errno 3
270 error stack Error: EACCES, mkdir '/Users/hasimpson/projects/earthquake-eventpages/node_modules/hazdev-template'
271 error fstream_stack /usr/local/Cellar/node/0.10.17/lib/node_modules/npm/node_modules/fstream/lib/dir-writer.js:36:23
271 error fstream_stack /usr/local/Cellar/node/0.10.17/lib/node_modules/npm/node_modules/mkdirp/index.js:37:53
271 error fstream_stack Object.oncomplete (fs.js:107:15)
272 verbose exit [ 3, true ]
